2025-08-05 22:14:17,669 - src.data.collector - INFO - Fetching fresh data for AAPL
2025-08-05 22:14:20,128 - src.data.collector - INFO - Successfully fetched data for AAPL
2025-08-05 22:14:20,130 - src.data.collector - INFO - Returning cached data for AAPL
2025-08-05 22:14:31,255 - src.data.collector - INFO - Fetching fresh data for TSLA
2025-08-05 22:14:32,492 - src.data.collector - INFO - Successfully fetched data for TSLA
2025-08-05 22:14:42,834 - src.data.collector - INFO - Fetching fresh data for GOOGL
2025-08-05 22:14:44,032 - src.data.collector - INFO - Successfully fetched data for GOOGL
2025-08-05 22:33:39,368 - src.models.lstm_predictor - INFO - Starting enhanced training for AAPL
2025-08-05 22:33:39,368 - src.data.collector - INFO - Fetching fresh data for AAPL
2025-08-05 22:33:40,290 - src.data.collector - INFO - Successfully fetched data for AAPL
2025-08-05 22:33:40,456 - src.models.lstm_predictor - INFO - Model architecture: 60 time steps, 13 features
2025-08-05 22:33:42,912 - absl - WARNING - You are saving your model as an HDF5 file via `model.save()` or `keras.saving.save_model(model)`. This file format is considered legacy. We recommend using instead the native Keras format, e.g. `model.save('my_model.keras')` or `keras.saving.save_model(model, 'my_model.keras')`. 
2025-08-05 22:33:43,451 - absl - WARNING - You are saving your model as an HDF5 file via `model.save()` or `keras.saving.save_model(model)`. This file format is considered legacy. We recommend using instead the native Keras format, e.g. `model.save('my_model.keras')` or `keras.saving.save_model(model, 'my_model.keras')`. 
2025-08-05 22:33:43,709 - absl - WARNING - You are saving your model as an HDF5 file via `model.save()` or `keras.saving.save_model(model)`. This file format is considered legacy. We recommend using instead the native Keras format, e.g. `model.save('my_model.keras')` or `keras.saving.save_model(model, 'my_model.keras')`. 
2025-08-05 22:33:43,970 - absl - WARNING - You are saving your model as an HDF5 file via `model.save()` or `keras.saving.save_model(model)`. This file format is considered legacy. We recommend using instead the native Keras format, e.g. `model.save('my_model.keras')` or `keras.saving.save_model(model, 'my_model.keras')`. 
2025-08-05 22:33:44,229 - absl - WARNING - You are saving your model as an HDF5 file via `model.save()` or `keras.saving.save_model(model)`. This file format is considered legacy. We recommend using instead the native Keras format, e.g. `model.save('my_model.keras')` or `keras.saving.save_model(model, 'my_model.keras')`. 
2025-08-05 22:33:44,485 - absl - WARNING - You are saving your model as an HDF5 file via `model.save()` or `keras.saving.save_model(model)`. This file format is considered legacy. We recommend using instead the native Keras format, e.g. `model.save('my_model.keras')` or `keras.saving.save_model(model, 'my_model.keras')`. 
2025-08-05 22:33:44,740 - absl - WARNING - You are saving your model as an HDF5 file via `model.save()` or `keras.saving.save_model(model)`. This file format is considered legacy. We recommend using instead the native Keras format, e.g. `model.save('my_model.keras')` or `keras.saving.save_model(model, 'my_model.keras')`. 
2025-08-05 22:33:44,996 - absl - WARNING - You are saving your model as an HDF5 file via `model.save()` or `keras.saving.save_model(model)`. This file format is considered legacy. We recommend using instead the native Keras format, e.g. `model.save('my_model.keras')` or `keras.saving.save_model(model, 'my_model.keras')`. 
2025-08-05 22:33:45,253 - absl - WARNING - You are saving your model as an HDF5 file via `model.save()` or `keras.saving.save_model(model)`. This file format is considered legacy. We recommend using instead the native Keras format, e.g. `model.save('my_model.keras')` or `keras.saving.save_model(model, 'my_model.keras')`. 
2025-08-05 22:33:49,451 - src.models.lstm_predictor - INFO - Enhanced training completed for AAPL in 10.1s
2025-08-05 22:33:49,451 - src.models.lstm_predictor - INFO - Final validation RMSE: 17.4536
2025-08-05 22:33:49,452 - src.models.lstm_predictor - INFO - Model R² score: -14.4315
2025-08-05 22:34:11,135 - absl - WARNING - Compiled the loaded model, but the compiled metrics have yet to be built. `model.compile_metrics` will be empty until you train or evaluate the model.
2025-08-05 22:34:11,142 - src.models.lstm_predictor - INFO - Loaded enhanced model for AAPL
2025-08-05 22:34:11,142 - src.data.collector - INFO - Fetching fresh data for AAPL
2025-08-05 22:34:11,881 - src.data.collector - INFO - Successfully fetched data for AAPL
2025-08-05 22:34:38,315 - absl - WARNING - Compiled the loaded model, but the compiled metrics have yet to be built. `model.compile_metrics` will be empty until you train or evaluate the model.
2025-08-05 22:34:38,323 - src.models.lstm_predictor - INFO - Loaded enhanced model for AAPL
2025-08-05 22:34:38,323 - src.data.collector - INFO - Fetching fresh data for AAPL
2025-08-05 22:34:39,137 - src.data.collector - INFO - Successfully fetched data for AAPL
2025-08-05 22:35:22,567 - absl - WARNING - Compiled the loaded model, but the compiled metrics have yet to be built. `model.compile_metrics` will be empty until you train or evaluate the model.
2025-08-05 22:35:22,575 - src.models.lstm_predictor - INFO - Loaded enhanced model for AAPL
2025-08-05 22:44:05,080 - src.models.lstm_predictor - INFO - Starting enhanced training for AAPL
2025-08-05 22:44:05,082 - src.models.lstm_predictor - INFO - Removed existing model file: data/models/AAPL_enhanced_lstm.h5
2025-08-05 22:44:05,082 - src.models.lstm_predictor - INFO - Removed existing model file: data/models/AAPL_scaler.pkl
2025-08-05 22:44:05,084 - src.models.lstm_predictor - INFO - Removed existing model file: data/models/AAPL_feature_scaler.pkl
2025-08-05 22:44:05,093 - src.models.lstm_predictor - INFO - Removed existing model file: data/models/AAPL_metrics.json
2025-08-05 22:44:05,093 - src.data.collector - INFO - Fetching fresh data for AAPL
2025-08-05 22:44:05,855 - src.data.collector - INFO - Successfully fetched data for AAPL
2025-08-05 22:44:05,875 - src.models.lstm_predictor - INFO - Data splits - Train: 483, Val: 103, Test: 105
2025-08-05 22:44:05,988 - src.models.lstm_predictor - INFO - Model architecture: 60 time steps, 13 features
2025-08-05 22:45:05,466 - src.models.lstm_predictor - ERROR - Model quality validation failed: Validation R² (-5.678) below minimum threshold (0.3)
2025-08-05 22:45:05,466 - src.models.lstm_predictor - INFO - Cleaning up poor quality model files...
2025-08-05 22:45:56,183 - src.models.lstm_predictor - WARNING - No saved enhanced model found for AAPL
2025-08-05 22:46:10,811 - src.models.lstm_predictor - INFO - Starting enhanced training for AAPL
2025-08-05 22:46:10,811 - src.data.collector - INFO - Fetching fresh data for AAPL
2025-08-05 22:46:11,578 - src.data.collector - INFO - Successfully fetched data for AAPL
2025-08-05 22:46:11,590 - src.models.lstm_predictor - INFO - Data splits - Train: 836, Val: 179, Test: 180
2025-08-05 22:46:11,692 - src.models.lstm_predictor - INFO - Model architecture: 60 time steps, 13 features
2025-08-05 22:47:32,480 - src.models.lstm_predictor - ERROR - Model quality validation failed: Validation R² (-0.264) below minimum threshold (0.3)
2025-08-05 22:47:32,480 - src.models.lstm_predictor - INFO - Cleaning up poor quality model files...
2025-08-05 22:49:04,931 - src.models.lstm_predictor - INFO - Starting enhanced training for SO
2025-08-05 22:49:04,931 - src.data.collector - INFO - Fetching fresh data for SO
2025-08-05 22:49:05,902 - src.data.collector - INFO - Successfully fetched data for SO
2025-08-05 22:49:05,918 - src.models.lstm_predictor - INFO - Data splits - Train: 836, Val: 179, Test: 180
2025-08-05 22:49:06,028 - src.models.lstm_predictor - INFO - Model architecture: 60 time steps, 13 features
2025-08-05 22:50:31,220 - src.models.lstm_predictor - ERROR - Model quality validation failed: Validation R² (-1.148) below minimum threshold (0.3)
2025-08-05 22:50:31,220 - src.models.lstm_predictor - INFO - Cleaning up poor quality model files...
2025-08-05 22:53:45,929 - src.models.lstm_predictor - INFO - Starting enhanced training for AAPL
2025-08-05 22:53:45,930 - src.data.collector - INFO - Fetching fresh data for AAPL
2025-08-05 22:53:46,777 - src.data.collector - INFO - Successfully fetched data for AAPL
2025-08-05 22:53:46,811 - src.models.lstm_predictor - INFO - Using 31 features for training: ['Close_SMA5_Ratio', 'Close_SMA10_Ratio', 'Close_SMA20_Ratio', 'Close_SMA50_Ratio', 'High_Low_Ratio', 'Close_Open_Ratio', 'High_Close_Ratio', 'Low_Close_Ratio', 'Volume_Ratio_10d', 'Volume_Ratio_20d', 'Volume_Change', 'Returns', 'Returns_2d', 'Returns_5d', 'Returns_10d', 'Momentum_5d', 'Momentum_10d', 'Rate_of_Change_5d', 'Rate_of_Change_10d', 'RSI_Normalized', 'BB_Position', 'BB_Width', 'MACD_Price_Ratio', 'MACD_Signal_Price_Ratio', 'Volatility_5d', 'Volatility_10d', 'Volatility_20d', 'Distance_SMA20', 'Distance_SMA50', 'SMA5_SMA20_Ratio', 'EMA12_EMA26_Ratio']
2025-08-05 22:53:46,827 - src.models.lstm_predictor - INFO - Prepared training data: (1195, 60, 31) features, (1195,) targets
2025-08-05 22:53:46,828 - src.models.lstm_predictor - INFO - Data splits - Train: 836, Val: 179, Test: 180
2025-08-05 22:53:46,923 - src.models.lstm_predictor - INFO - Model architecture: 60 time steps, 31 features
2025-08-05 22:55:23,226 - src.models.lstm_predictor - ERROR - Model quality validation failed: Validation R² (-0.009) below minimum threshold (0.1)
2025-08-05 22:55:23,227 - src.models.lstm_predictor - INFO - Cleaning up poor quality model files...
2025-08-05 23:01:24,143 - src.models.lstm_predictor - INFO - Starting enhanced training for AAPL
2025-08-05 23:01:24,143 - src.data.collector - INFO - Fetching fresh data for AAPL
2025-08-05 23:01:24,950 - src.data.collector - INFO - Successfully fetched data for AAPL
2025-08-05 23:01:24,986 - src.models.lstm_predictor - INFO - Using 13 features for training: ['Close_SMA5_Ratio', 'Close_SMA10_Ratio', 'Close_SMA20_Ratio', 'High_Low_Ratio', 'Close_Open_Ratio', 'Volume_Ratio_10d', 'Returns', 'Returns_2d', 'Returns_5d', 'RSI_Normalized', 'BB_Position', 'Volatility_5d', 'Volatility_10d']
2025-08-05 23:01:24,993 - src.models.lstm_predictor - INFO - Prepared training data: (1225, 30, 13) features, (1225,) targets
2025-08-05 23:01:24,993 - src.models.lstm_predictor - INFO - Data splits - Train: 857, Val: 183, Test: 185
2025-08-05 23:01:25,094 - src.models.lstm_predictor - INFO - Model architecture: 30 time steps, 13 features
2025-08-05 23:02:20,554 - src.models.lstm_predictor - ERROR - Model quality validation failed: Validation R² (-0.010) below minimum threshold (0.1)
2025-08-05 23:02:20,555 - src.models.lstm_predictor - INFO - Cleaning up poor quality model files...
2025-08-05 23:04:19,804 - src.models.lstm_predictor - INFO - Starting enhanced training for AAPL
2025-08-05 23:04:19,804 - src.data.collector - INFO - Fetching fresh data for AAPL
2025-08-05 23:04:20,611 - src.data.collector - INFO - Successfully fetched data for AAPL
2025-08-05 23:04:20,643 - src.models.lstm_predictor - INFO - Using 6 features for training: ['Close_SMA5_Ratio', 'Close_SMA10_Ratio', 'High_Low_Ratio', 'Volume_Ratio_10d', 'Returns', 'Volatility_5d']
2025-08-05 23:04:20,647 - src.models.lstm_predictor - INFO - Prepared training data: (1235, 20, 6) features, (1235,) targets
2025-08-05 23:04:20,647 - src.models.lstm_predictor - INFO - Data splits - Train: 864, Val: 185, Test: 186
2025-08-05 23:04:20,747 - src.models.lstm_predictor - INFO - Model architecture: 20 time steps, 6 features
2025-08-05 23:05:07,082 - src.models.lstm_predictor - ERROR - Model quality validation failed: Validation R² (-0.008) below minimum threshold (0.1)
2025-08-05 23:05:07,083 - src.models.lstm_predictor - INFO - Cleaning up poor quality model files...
2025-08-05 23:08:57,132 - src.models.lstm_predictor - INFO - Starting enhanced training for AAPL
2025-08-05 23:08:57,133 - src.data.collector - INFO - Fetching fresh data for AAPL
2025-08-05 23:08:57,994 - src.data.collector - INFO - Successfully fetched data for AAPL
2025-08-05 23:08:58,231 - src.models.lstm_predictor - INFO - Generated 67 advanced features from 1255 data points
2025-08-05 23:08:58,232 - src.models.lstm_predictor - INFO - Using 41 features for training: ['Price_SMA5_Ratio', 'Price_SMA20_Ratio', 'Price_SMA50_Ratio', 'SMA5_SMA20_Ratio', 'EMA12_EMA26_Ratio', 'Log_Return_1d', 'Log_Return_5d', 'Log_Return_10d', 'ROC_5', 'ROC_10', 'ROC_20', 'Volatility_5d', 'Volatility_10d', 'Volatility_20d', 'Vol_of_Vol', 'GK_Volatility', 'Volume_Ratio', 'Volume_ROC', 'Money_Flow_Ratio', 'OBV_Signal', 'RSI_Normalized', 'RSI_Smooth', 'MACD_Normalized', 'MACD_Histogram', 'BB_Position', 'BB_Width', 'Williams_R', 'Stoch_K', 'Stoch_D', 'Hurst_10d', 'Fractal_Dim', 'Efficiency_Ratio', 'Z_Score_20', 'Z_Score_50', 'High_Low_Ratio', 'Close_Open_Ratio', 'Body_Size', 'Upper_Shadow', 'Lower_Shadow', 'Trend_Strength', 'Market_Regime']
2025-08-05 23:08:58,242 - src.models.lstm_predictor - INFO - Prepared training data: (1215, 40, 41) features, (1215,) targets
2025-08-05 23:08:58,242 - src.models.lstm_predictor - INFO - Data splits - Train: 850, Val: 182, Test: 183
2025-08-05 23:08:58,344 - src.models.lstm_predictor - INFO - Model architecture: 40 time steps, 41 features
2025-08-05 23:10:34,092 - src.models.lstm_predictor - ERROR - Model quality validation failed: Validation R² (-0.022) below minimum threshold (0.1)
2025-08-05 23:10:34,093 - src.models.lstm_predictor - INFO - Cleaning up poor quality model files...
2025-08-05 23:22:09,095 - src.models.lstm_predictor - INFO - Starting enhanced training for AAPL
2025-08-05 23:22:09,096 - src.data.collector - INFO - Fetching fresh data for AAPL
2025-08-05 23:22:09,996 - src.data.collector - INFO - Successfully fetched data for AAPL
2025-08-05 23:22:10,256 - src.models.lstm_predictor - INFO - Generated 67 advanced features from 1255 data points
2025-08-05 23:22:10,256 - src.models.lstm_predictor - INFO - Using 17 features for training: ['Price_SMA5_Ratio', 'Price_SMA20_Ratio', 'Price_SMA50_Ratio', 'SMA5_SMA20_Ratio', 'EMA12_EMA26_Ratio', 'Log_Return_1d', 'Log_Return_5d', 'Log_Return_10d', 'Volatility_10d', 'Volatility_20d', 'Vol_of_Vol', 'Volume_Ratio', 'OBV_Signal', 'RSI_Normalized', 'MACD_Normalized', 'BB_Position', 'Trend_Strength']
2025-08-05 23:22:10,261 - src.models.lstm_predictor - INFO - Prepared training data: (1235, 20, 17) features, (1235,) targets
2025-08-05 23:22:10,261 - src.models.lstm_predictor - INFO - Data splits - Train: 864, Val: 185, Test: 186
2025-08-05 23:22:10,343 - src.models.lstm_predictor - INFO - Model architecture: 20 time steps, 17 features
2025-08-05 23:22:58,031 - src.models.lstm_predictor - ERROR - Model quality validation failed: Validation R² (-0.011) below minimum threshold (0.1)
2025-08-05 23:22:58,033 - src.models.lstm_predictor - INFO - Cleaning up poor quality model files...
2025-08-05 23:25:56,258 - __main__ - ERROR - Training failed for AAPL: 'ModelConfig' object has no attribute 'data_path'
2025-08-05 23:40:02,924 - src.models.lstm_predictor - INFO - Starting enhanced training for AAPL
2025-08-05 23:40:02,924 - src.data.collector - INFO - Fetching fresh data for AAPL
2025-08-05 23:40:04,709 - src.data.collector - INFO - Successfully fetched data for AAPL
2025-08-05 23:40:04,960 - src.models.lstm_predictor - INFO - Generated 67 advanced features from 1255 data points
2025-08-05 23:40:04,961 - src.models.lstm_predictor - INFO - Using 8 features for training: ['Price_SMA5_Ratio', 'Price_SMA20_Ratio', 'Log_Return_1d', 'Log_Return_5d', 'Volatility_10d', 'Volume_Ratio', 'RSI_Normalized', 'MACD_Normalized']
2025-08-05 23:40:04,968 - src.models.lstm_predictor - INFO - Prepared training data: (1240, 15, 8) features, (1240,) targets
2025-08-05 23:40:04,968 - src.models.lstm_predictor - INFO - Data splits - Train: 868, Val: 186, Test: 186
2025-08-05 23:40:05,107 - src.models.lstm_predictor - INFO - Model architecture: 15 time steps, 8 features
2025-08-05 23:40:32,383 - src.models.lstm_predictor - ERROR - Model quality validation failed: Validation R² (0.014) below minimum threshold (0.1)
2025-08-05 23:40:32,384 - src.models.lstm_predictor - INFO - Cleaning up poor quality model files...
2025-08-05 23:44:56,181 - src.models.lstm_predictor - INFO - Starting enhanced training for AAPL
2025-08-05 23:44:56,181 - src.data.collector - INFO - Fetching fresh data for AAPL
2025-08-05 23:44:57,078 - src.data.collector - INFO - Running data validation pipeline for AAPL
2025-08-05 23:44:57,078 - src.data.validator - INFO - Starting validation for AAPL with 1255 rows
2025-08-05 23:44:57,090 - src.data.validator - INFO - Validation complete for AAPL: 1255 clean rows
2025-08-05 23:44:57,091 - src.data.validator - INFO - Pipeline complete for AAPL: 1255 -> 1255 rows
2025-08-05 23:44:57,091 - src.data.collector - INFO - Data pipeline: 1255 -> 1255 rows
2025-08-05 23:44:57,405 - src.data.collector - INFO - Successfully fetched data for AAPL
2025-08-05 23:44:57,671 - src.models.lstm_predictor - INFO - Generated 67 advanced features from 1255 data points
2025-08-05 23:44:57,671 - src.models.lstm_predictor - INFO - Using 8 features for training: ['Price_SMA5_Ratio', 'Price_SMA20_Ratio', 'Log_Return_1d', 'Log_Return_5d', 'Volatility_10d', 'Volume_Ratio', 'RSI_Normalized', 'MACD_Normalized']
2025-08-05 23:44:57,675 - src.models.lstm_predictor - INFO - Prepared training data: (1240, 15, 8) features, (1240,) targets
2025-08-05 23:44:57,675 - src.models.lstm_predictor - INFO - Data splits - Train: 868, Val: 186, Test: 186
2025-08-05 23:44:57,777 - src.models.lstm_predictor - INFO - Model architecture: 15 time steps, 8 features
2025-08-05 23:45:34,929 - src.models.lstm_predictor - ERROR - Model quality validation failed: Validation R² (-0.009) below minimum threshold (0.1)
2025-08-05 23:45:34,930 - src.models.lstm_predictor - INFO - Cleaning up poor quality model files...
2025-08-05 23:49:33,116 - src.models.lstm_predictor - INFO - Starting enhanced training for AAPL
2025-08-05 23:49:33,116 - src.data.collector - INFO - Fetching fresh data for AAPL
2025-08-05 23:49:34,063 - src.data.collector - INFO - Running data validation pipeline for AAPL
2025-08-05 23:49:34,063 - src.data.validator - INFO - Starting validation for AAPL with 1255 rows
2025-08-05 23:49:34,077 - src.data.validator - INFO - Validation complete for AAPL: 1255 clean rows
2025-08-05 23:49:34,078 - src.data.validator - INFO - Pipeline complete for AAPL: 1255 -> 1255 rows
2025-08-05 23:49:34,078 - src.data.collector - INFO - Data pipeline: 1255 -> 1255 rows
2025-08-05 23:49:34,412 - src.data.collector - INFO - Successfully fetched data for AAPL
2025-08-05 23:49:34,668 - src.models.lstm_predictor - INFO - Generated 67 advanced features from 1255 data points
2025-08-05 23:49:34,668 - src.models.lstm_predictor - INFO - Using 10 features for training: ['Price_SMA5_Ratio', 'Price_SMA20_Ratio', 'Log_Return_1d', 'Log_Return_5d', 'Volatility_10d', 'Volatility_20d', 'Volume_Ratio', 'RSI_Normalized', 'MACD_Normalized', 'BB_Position']
2025-08-05 23:49:34,670 - src.models.lstm_predictor - INFO - Prepared training data: (1245, 10, 10) features, (1245,) targets
2025-08-05 23:49:34,671 - src.models.lstm_predictor - INFO - Data splits - Train: 871, Val: 186, Test: 188
2025-08-05 23:49:34,752 - src.models.lstm_predictor - INFO - Model architecture: 10 time steps, 10 features
2025-08-05 23:49:39,929 - src.models.lstm_predictor - ERROR - Model quality validation failed: Validation R² (-0.050) below minimum threshold (0.1)
2025-08-05 23:49:39,930 - src.models.lstm_predictor - INFO - Cleaning up poor quality model files...
2025-08-05 23:53:57,655 - src.models.lstm_predictor - INFO - Starting enhanced training for AAPL
2025-08-05 23:53:57,655 - src.data.collector - INFO - Fetching fresh data for AAPL
2025-08-05 23:53:58,579 - src.data.collector - INFO - Running data validation pipeline for AAPL
2025-08-05 23:53:58,579 - src.data.validator - INFO - Starting validation for AAPL with 1255 rows
2025-08-05 23:53:58,589 - src.data.validator - INFO - Validation complete for AAPL: 1255 clean rows
2025-08-05 23:53:58,590 - src.data.validator - INFO - Pipeline complete for AAPL: 1255 -> 1255 rows
2025-08-05 23:53:58,590 - src.data.collector - INFO - Data pipeline: 1255 -> 1255 rows
2025-08-05 23:53:58,936 - src.data.collector - INFO - Successfully fetched data for AAPL
2025-08-05 23:53:58,961 - src.models.lstm_predictor - INFO - Generated 42 features from 1255 data points
2025-08-05 23:53:58,962 - src.models.lstm_predictor - INFO - Using 15 features for training: ['Momentum_1d', 'Momentum_3d', 'Momentum_5d', 'Price_SMA5_Ratio', 'Price_SMA20_Ratio', 'SMA_Cross', 'Volatility_5d', 'Vol_Ratio', 'Volume_Ratio', 'Price_Volume', 'RSI_Normalized', 'MACD_Histogram', 'BB_Position', 'Returns_Lag1', 'Returns_Lag2']
2025-08-05 23:53:58,969 - src.models.lstm_predictor - INFO - Prepared training data: (1244, 10, 15) features, (1244,) targets
2025-08-05 23:53:58,969 - src.models.lstm_predictor - INFO - Data splits - Train: 870, Val: 186, Test: 188
2025-08-05 23:53:59,059 - src.models.lstm_predictor - INFO - Model architecture: 10 time steps, 15 features
2025-08-05 23:54:06,573 - src.models.lstm_predictor - ERROR - Model quality validation failed: Validation R² (-0.066) below minimum threshold (0.1)
2025-08-05 23:54:06,574 - src.models.lstm_predictor - INFO - Cleaning up poor quality model files...
2025-08-05 23:57:32,206 - src.models.lstm_predictor - INFO - Starting enhanced training for AAPL
2025-08-05 23:57:32,207 - src.data.collector - INFO - Fetching fresh data for AAPL
2025-08-05 23:57:33,248 - src.data.collector - INFO - Running data validation pipeline for AAPL
2025-08-05 23:57:33,248 - src.data.validator - INFO - Starting validation for AAPL with 1255 rows
2025-08-05 23:57:33,261 - src.data.validator - INFO - Validation complete for AAPL: 1255 clean rows
2025-08-05 23:57:33,261 - src.data.validator - INFO - Pipeline complete for AAPL: 1255 -> 1255 rows
2025-08-05 23:57:33,261 - src.data.collector - INFO - Data pipeline: 1255 -> 1255 rows
2025-08-05 23:57:33,599 - src.data.collector - INFO - Successfully fetched data for AAPL
2025-08-05 23:57:33,631 - src.models.lstm_predictor - INFO - Generated 30 historical features from 1255 data points
2025-08-05 23:57:33,631 - src.models.lstm_predictor - INFO - Using 15 features for training: ['Momentum_1d', 'Momentum_3d', 'Momentum_5d', 'Price_SMA5_Ratio', 'Price_SMA20_Ratio', 'SMA_Cross', 'Volatility_5d', 'Vol_Ratio', 'Volume_Ratio', 'Price_Volume', 'RSI_Normalized', 'MACD_Histogram', 'BB_Position', 'Returns_Lag1', 'Returns_Lag2']
2025-08-05 23:57:33,638 - src.models.lstm_predictor - INFO - Prepared training data: (1244, 10, 15) features, (1244,) targets
2025-08-05 23:57:33,638 - src.models.lstm_predictor - INFO - Data splits - Train: 870, Val: 186, Test: 188
2025-08-05 23:57:33,728 - src.models.lstm_predictor - INFO - Model architecture: 10 time steps, 15 features
2025-08-05 23:57:42,830 - src.models.lstm_predictor - ERROR - Model quality validation failed: Validation R² (-0.053) below minimum threshold (0.1)
2025-08-05 23:57:42,830 - src.models.lstm_predictor - INFO - Cleaning up poor quality model files...
2025-08-06 00:00:17,101 - src.models.lstm_predictor - INFO - Starting enhanced training for AAPL
2025-08-06 00:00:17,101 - src.data.collector - INFO - Fetching fresh data for AAPL
2025-08-06 00:00:18,208 - src.data.collector - INFO - Running data validation pipeline for AAPL
2025-08-06 00:00:18,209 - src.data.validator - INFO - Starting validation for AAPL with 1255 rows
2025-08-06 00:00:18,221 - src.data.validator - INFO - Validation complete for AAPL: 1255 clean rows
2025-08-06 00:00:18,222 - src.data.validator - INFO - Pipeline complete for AAPL: 1255 -> 1255 rows
2025-08-06 00:00:18,222 - src.data.collector - INFO - Data pipeline: 1255 -> 1255 rows
2025-08-06 00:00:18,615 - src.data.collector - INFO - Successfully fetched data for AAPL
2025-08-06 00:00:18,638 - src.models.lstm_predictor - INFO - Generated 30 historical features from 1255 data points
2025-08-06 00:00:18,638 - src.models.lstm_predictor - INFO - Using 15 features for training: ['Momentum_1d', 'Momentum_3d', 'Momentum_5d', 'Price_SMA5_Ratio', 'Price_SMA20_Ratio', 'SMA_Cross', 'Volatility_5d', 'Vol_Ratio', 'Volume_Ratio', 'Price_Volume', 'RSI_Normalized', 'MACD_Histogram', 'BB_Position', 'Returns_Lag1', 'Returns_Lag2']
2025-08-06 00:00:18,644 - src.models.lstm_predictor - INFO - Prepared training data: (1244, 10, 15) features, (1244,) targets
2025-08-06 00:00:18,644 - src.models.lstm_predictor - INFO - Data splits - Train: 870, Val: 186, Test: 188
2025-08-06 00:00:18,765 - src.models.lstm_predictor - INFO - Model architecture: 10 time steps, 15 features
2025-08-06 00:02:00,905 - src.models.lstm_predictor - ERROR - Model quality validation failed: Validation R² (-0.125) below minimum threshold (0.1)
2025-08-06 00:02:00,906 - src.models.lstm_predictor - INFO - Cleaning up poor quality model files...
2025-08-06 00:06:56,189 - src.models.lstm_predictor - INFO - Starting enhanced training for AAPL
2025-08-06 00:06:56,189 - src.data.collector - INFO - Fetching fresh data for AAPL
2025-08-06 00:06:57,105 - src.data.collector - INFO - Running data validation pipeline for AAPL
2025-08-06 00:06:57,105 - src.data.validator - INFO - Starting validation for AAPL with 1255 rows
2025-08-06 00:06:57,117 - src.data.validator - INFO - Validation complete for AAPL: 1255 clean rows
2025-08-06 00:06:57,117 - src.data.validator - INFO - Pipeline complete for AAPL: 1255 -> 1255 rows
2025-08-06 00:06:57,117 - src.data.collector - INFO - Data pipeline: 1255 -> 1255 rows
2025-08-06 00:06:57,482 - src.data.collector - INFO - Successfully fetched data for AAPL
2025-08-06 00:06:57,514 - src.models.lstm_predictor - INFO - Generated 30 historical features from 1255 data points
2025-08-06 00:06:57,515 - src.models.lstm_predictor - INFO - Using 15 features for training: ['Momentum_1d', 'Momentum_3d', 'Momentum_5d', 'Price_SMA5_Ratio', 'Price_SMA20_Ratio', 'SMA_Cross', 'Volatility_5d', 'Vol_Ratio', 'Volume_Ratio', 'Price_Volume', 'RSI_Normalized', 'MACD_Histogram', 'BB_Position', 'Returns_Lag1', 'Returns_Lag2']
2025-08-06 00:06:57,521 - src.models.lstm_predictor - INFO - Prepared training data: (1244, 10, 15) features, (1244,) targets
2025-08-06 00:06:57,521 - src.models.lstm_predictor - INFO - Data splits - Train: 870, Val: 186, Test: 188
2025-08-06 00:06:57,636 - src.models.lstm_predictor - INFO - Model architecture: 10 time steps, 15 features
2025-08-06 00:07:19,619 - src.models.lstm_predictor - WARNING - High validation loss detected: 0.6599 - model may be poor quality
2025-08-06 00:07:20,242 - src.models.lstm_predictor - ERROR - Model quality validation failed: Validation R² (0.004) below minimum threshold (0.1)
2025-08-06 00:07:20,242 - src.models.lstm_predictor - INFO - Cleaning up poor quality model files...
2025-08-06 00:17:25,775 - src.models.lstm_predictor - INFO - Starting enhanced training for AAPL
2025-08-06 00:17:25,775 - src.data.collector - INFO - Fetching fresh data for AAPL
2025-08-06 00:17:27,105 - src.data.collector - INFO - Running data validation pipeline for AAPL
2025-08-06 00:17:27,105 - src.data.validator - INFO - Starting validation for AAPL with 1255 rows
2025-08-06 00:17:27,113 - src.data.validator - INFO - Validation complete for AAPL: 1255 clean rows
2025-08-06 00:17:27,114 - src.data.validator - INFO - Pipeline complete for AAPL: 1255 -> 1255 rows
2025-08-06 00:17:27,114 - src.data.collector - INFO - Data pipeline: 1255 -> 1255 rows
2025-08-06 00:17:27,530 - src.data.collector - INFO - Successfully fetched data for AAPL
2025-08-06 00:17:27,565 - src.models.lstm_predictor - INFO - Generated 30 historical features from 1255 data points
2025-08-06 00:17:27,565 - src.models.lstm_predictor - INFO - Using 15 features for training: ['Momentum_1d', 'Momentum_3d', 'Momentum_5d', 'Price_SMA5_Ratio', 'Price_SMA20_Ratio', 'SMA_Cross', 'Volatility_5d', 'Vol_Ratio', 'Volume_Ratio', 'Price_Volume', 'RSI_Normalized', 'MACD_Histogram', 'BB_Position', 'Returns_Lag1', 'Returns_Lag2']
2025-08-06 00:17:27,572 - src.models.lstm_predictor - INFO - Prepared training data: (1244, 10, 15) features, (1244,) targets
2025-08-06 00:17:27,572 - src.models.lstm_predictor - INFO - Data splits - Train: 870, Val: 186, Test: 188
2025-08-06 00:17:27,651 - src.models.lstm_predictor - INFO - Model architecture: 10 time steps, 15 features
2025-08-06 00:17:30,998 - src.models.lstm_predictor - WARNING - High validation loss detected: 0.6593 - model may be poor quality
2025-08-06 00:17:31,295 - src.models.lstm_predictor - ERROR - Model quality validation failed: Validation R² (0.005) below minimum threshold (0.1)
2025-08-06 00:17:31,296 - src.models.lstm_predictor - INFO - Cleaning up poor quality model files...
2025-08-06 00:22:04,998 - src.models.lstm_predictor - INFO - Starting enhanced training for AAPL
2025-08-06 00:22:04,998 - src.data.collector - INFO - Fetching fresh data for AAPL
2025-08-06 00:22:06,068 - src.data.collector - INFO - Running data validation pipeline for AAPL
2025-08-06 00:22:06,068 - src.data.validator - INFO - Starting validation for AAPL with 1255 rows
2025-08-06 00:22:06,080 - src.data.validator - INFO - Validation complete for AAPL: 1255 clean rows
2025-08-06 00:22:06,081 - src.data.validator - INFO - Pipeline complete for AAPL: 1255 -> 1255 rows
2025-08-06 00:22:06,081 - src.data.collector - INFO - Data pipeline: 1255 -> 1255 rows
2025-08-06 00:22:06,445 - src.data.collector - INFO - Successfully fetched data for AAPL
2025-08-06 00:22:06,473 - src.models.lstm_predictor - INFO - Generated 30 historical features from 1255 data points
2025-08-06 00:22:06,473 - src.models.lstm_predictor - INFO - Using 15 features for training: ['Momentum_1d', 'Momentum_3d', 'Momentum_5d', 'Price_SMA5_Ratio', 'Price_SMA20_Ratio', 'SMA_Cross', 'Volatility_5d', 'Vol_Ratio', 'Volume_Ratio', 'Price_Volume', 'RSI_Normalized', 'MACD_Histogram', 'BB_Position', 'Returns_Lag1', 'Returns_Lag2']
2025-08-06 00:22:06,478 - src.models.lstm_predictor - INFO - Prepared training data: (1244, 10, 15) features, (1244,) targets
2025-08-06 00:22:06,479 - src.models.lstm_predictor - INFO - Data splits - Train: 870, Val: 186, Test: 188
2025-08-06 00:22:06,479 - src.models.lstm_predictor - INFO - Target scaling - Train mean: 0.000563, Train std: 0.018393
2025-08-06 00:22:06,564 - src.models.lstm_predictor - INFO - Model architecture: 10 time steps, 15 features
2025-08-06 00:22:11,007 - src.models.lstm_predictor - WARNING - High validation loss detected: 0.6640 - model may be poor quality
2025-08-06 00:22:11,302 - src.models.lstm_predictor - ERROR - Model quality validation failed: Validation R² (0.001) below minimum threshold (0.1)
2025-08-06 00:22:11,302 - src.models.lstm_predictor - INFO - Cleaning up poor quality model files...
2025-08-06 00:25:19,422 - src.models.lstm_predictor - INFO - Starting enhanced training for AAPL
2025-08-06 00:25:19,422 - src.data.collector - INFO - Fetching fresh data for AAPL
2025-08-06 00:25:20,825 - src.data.collector - INFO - Running data validation pipeline for AAPL
2025-08-06 00:25:20,826 - src.data.validator - INFO - Starting validation for AAPL with 1255 rows
2025-08-06 00:25:20,836 - src.data.validator - INFO - Validation complete for AAPL: 1255 clean rows
2025-08-06 00:25:20,836 - src.data.validator - INFO - Pipeline complete for AAPL: 1255 -> 1255 rows
2025-08-06 00:25:20,837 - src.data.collector - INFO - Data pipeline: 1255 -> 1255 rows
2025-08-06 00:25:22,693 - src.data.collector - INFO - Successfully fetched data for AAPL
2025-08-06 00:25:22,728 - src.models.lstm_predictor - INFO - Generated 30 historical features from 1255 data points
2025-08-06 00:25:22,728 - src.models.lstm_predictor - INFO - Using 15 features for training: ['Momentum_1d', 'Momentum_3d', 'Momentum_5d', 'Price_SMA5_Ratio', 'Price_SMA20_Ratio', 'SMA_Cross', 'Volatility_5d', 'Vol_Ratio', 'Volume_Ratio', 'Price_Volume', 'RSI_Normalized', 'MACD_Histogram', 'BB_Position', 'Returns_Lag1', 'Returns_Lag2']
2025-08-06 00:25:22,738 - src.models.lstm_predictor - INFO - Prepared training data: (1244, 10, 15) features, (1244,) targets
2025-08-06 00:25:22,739 - src.models.lstm_predictor - INFO - Data splits - Train: 870, Val: 186, Test: 188
2025-08-06 00:25:22,739 - src.models.lstm_predictor - INFO - Target scaling - Train mean: 0.000563, Train std: 0.018393
2025-08-06 00:25:22,858 - src.models.lstm_predictor - INFO - Model architecture: 10 time steps, 15 features
2025-08-06 00:25:33,060 - src.models.lstm_predictor - WARNING - High validation loss detected: 0.6664 - model may be poor quality
2025-08-06 00:25:33,570 - src.models.lstm_predictor - ERROR - Model quality validation failed: Validation R² (-0.003) below minimum threshold (0.1)
2025-08-06 00:25:33,570 - src.models.lstm_predictor - INFO - Cleaning up poor quality model files...
2025-08-06 00:27:51,354 - src.models.lstm_predictor - INFO - Starting enhanced training for AAPL
2025-08-06 00:27:51,354 - src.data.collector - INFO - Fetching fresh data for AAPL
2025-08-06 00:27:52,302 - src.data.collector - INFO - Running data validation pipeline for AAPL
2025-08-06 00:27:52,302 - src.data.validator - INFO - Starting validation for AAPL with 751 rows
2025-08-06 00:27:52,314 - src.data.validator - INFO - Validation complete for AAPL: 751 clean rows
2025-08-06 00:27:52,315 - src.data.validator - INFO - Pipeline complete for AAPL: 751 -> 751 rows
2025-08-06 00:27:52,315 - src.data.collector - INFO - Data pipeline: 751 -> 751 rows
2025-08-06 00:27:52,614 - src.data.collector - INFO - Successfully fetched data for AAPL
2025-08-06 00:27:52,644 - src.models.lstm_predictor - INFO - Generated 30 historical features from 751 data points
2025-08-06 00:27:52,644 - src.models.lstm_predictor - INFO - Using 15 features for training: ['Momentum_1d', 'Momentum_3d', 'Momentum_5d', 'Price_SMA5_Ratio', 'Price_SMA20_Ratio', 'SMA_Cross', 'Volatility_5d', 'Vol_Ratio', 'Volume_Ratio', 'Price_Volume', 'RSI_Normalized', 'MACD_Histogram', 'BB_Position', 'Returns_Lag1', 'Returns_Lag2']
2025-08-06 00:27:52,649 - src.models.lstm_predictor - INFO - Prepared training data: (740, 10, 15) features, (740,) targets
2025-08-06 00:27:52,650 - src.models.lstm_predictor - INFO - Data splits - Train: 518, Val: 111, Test: 111
2025-08-06 00:27:52,650 - src.models.lstm_predictor - INFO - Target scaling - Train mean: 0.000569, Train std: 0.016115
2025-08-06 00:27:52,760 - src.models.lstm_predictor - INFO - Model architecture: 10 time steps, 15 features
2025-08-06 00:28:01,728 - src.models.lstm_predictor - WARNING - High validation loss detected: 0.7485 - model may be poor quality
2025-08-06 00:28:02,190 - src.models.lstm_predictor - ERROR - Model quality validation failed: Validation R² (0.011) below minimum threshold (0.1)
2025-08-06 00:28:02,190 - src.models.lstm_predictor - INFO - Cleaning up poor quality model files...
2025-08-06 00:29:08,792 - src.models.lstm_predictor - INFO - Starting enhanced training for AAPL
2025-08-06 00:29:08,792 - src.data.collector - INFO - Fetching fresh data for AAPL
2025-08-06 00:29:09,782 - src.data.collector - INFO - Running data validation pipeline for AAPL
2025-08-06 00:29:09,782 - src.data.validator - INFO - Starting validation for AAPL with 751 rows
2025-08-06 00:29:09,794 - src.data.validator - INFO - Validation complete for AAPL: 751 clean rows
2025-08-06 00:29:09,795 - src.data.validator - INFO - Pipeline complete for AAPL: 751 -> 751 rows
2025-08-06 00:29:09,795 - src.data.collector - INFO - Data pipeline: 751 -> 751 rows
2025-08-06 00:29:10,134 - src.data.collector - INFO - Successfully fetched data for AAPL
2025-08-06 00:29:10,165 - src.models.lstm_predictor - INFO - Generated 30 historical features from 751 data points
2025-08-06 00:29:10,166 - src.models.lstm_predictor - INFO - Using 15 features for training: ['Momentum_1d', 'Momentum_3d', 'Momentum_5d', 'Price_SMA5_Ratio', 'Price_SMA20_Ratio', 'SMA_Cross', 'Volatility_5d', 'Vol_Ratio', 'Volume_Ratio', 'Price_Volume', 'RSI_Normalized', 'MACD_Histogram', 'BB_Position', 'Returns_Lag1', 'Returns_Lag2']
2025-08-06 00:29:10,170 - src.models.lstm_predictor - INFO - Prepared training data: (740, 10, 15) features, (740,) targets
2025-08-06 00:29:10,171 - src.models.lstm_predictor - INFO - Data splits - Train: 518, Val: 111, Test: 111
2025-08-06 00:29:10,172 - src.models.lstm_predictor - INFO - Target scaling - Train mean: 0.000569, Train std: 0.016115
2025-08-06 00:29:10,283 - src.models.lstm_predictor - INFO - Model architecture: 10 time steps, 15 features
2025-08-06 00:29:18,531 - src.models.lstm_predictor - WARNING - High validation loss detected: 0.7549 - model may be poor quality
2025-08-06 00:29:18,991 - src.models.lstm_predictor - ERROR - Model quality validation failed: Validation R² (0.003) below minimum threshold (0.005)
2025-08-06 00:29:18,991 - src.models.lstm_predictor - INFO - Cleaning up poor quality model files...
2025-08-06 00:46:26,907 - src.models.lstm_predictor - INFO - Starting enhanced training for AAPL
2025-08-06 00:46:26,907 - src.data.collector - INFO - Fetching fresh data for AAPL
2025-08-06 00:46:27,869 - src.data.collector - INFO - Running data validation pipeline for AAPL
2025-08-06 00:46:27,869 - src.data.validator - INFO - Starting validation for AAPL with 751 rows
2025-08-06 00:46:27,882 - src.data.validator - INFO - Validation complete for AAPL: 751 clean rows
2025-08-06 00:46:27,883 - src.data.validator - INFO - Pipeline complete for AAPL: 751 -> 751 rows
2025-08-06 00:46:27,883 - src.data.collector - INFO - Data pipeline: 751 -> 751 rows
2025-08-06 00:46:28,242 - src.data.collector - INFO - Successfully fetched data for AAPL
2025-08-06 00:46:28,276 - src.models.lstm_predictor - INFO - Generated 30 historical features from 751 data points
2025-08-06 00:46:28,276 - src.models.lstm_predictor - INFO - Using 15 features for training: ['Momentum_1d', 'Momentum_3d', 'Momentum_5d', 'Price_SMA5_Ratio', 'Price_SMA20_Ratio', 'SMA_Cross', 'Volatility_5d', 'Vol_Ratio', 'Volume_Ratio', 'Price_Volume', 'RSI_Normalized', 'MACD_Histogram', 'BB_Position', 'Returns_Lag1', 'Returns_Lag2']
2025-08-06 00:46:28,281 - src.models.lstm_predictor - INFO - Prepared training data: (740, 10, 15) features, (740,) targets
2025-08-06 00:46:28,282 - src.models.lstm_predictor - INFO - Data splits - Train: 518, Val: 111, Test: 111
2025-08-06 00:46:28,282 - src.models.lstm_predictor - INFO - Target scaling - Train mean: 0.000569, Train std: 0.016115
2025-08-06 00:46:28,398 - src.models.lstm_predictor - INFO - Model architecture: 10 time steps, 15 features
2025-08-06 00:46:46,809 - src.models.lstm_predictor - WARNING - High validation loss detected: 0.7282 - model may be poor quality
2025-08-06 00:46:47,284 - src.data.collector - INFO - Returning cached data for AAPL
2025-08-06 00:46:47,287 - src.models.lstm_predictor - INFO - Model passed quality validation: Model quality acceptable: R² = 0.038
2025-08-06 00:46:47,287 - absl - WARNING - You are saving your model as an HDF5 file via `model.save()` or `keras.saving.save_model(model)`. This file format is considered legacy. We recommend using instead the native Keras format, e.g. `model.save('my_model.keras')` or `keras.saving.save_model(model, 'my_model.keras')`. 
2025-08-06 00:46:47,325 - src.models.lstm_predictor - INFO - Metrics saved to data/models/AAPL/AAPL_metrics.json
2025-08-06 00:46:47,325 - src.models.lstm_predictor - INFO - Enhanced training completed successfully - Quality: Excellent 🎯
